<?xml version="1.0" encoding="UTF-8"?>
<!-- Generated by org.testng.reporters.JUnitReportReporter -->
<testsuite skipped="0" hostname="Surajs-MacBook-Pro.local" name="com.testNGParameter.ParameterTest" tests="1" failures="0" timestamp="2020-05-24T23:06:51 NPT" time="5.626" errors="0">
  <testcase name="yahooLoginTest" time="5.626" classname="com.testNGParameter.ParameterTest"/>
  <system-out/>
</testsuite> <!-- com.testNGParameter.ParameterTest -->
