<?xml version="1.0" encoding="UTF-8"?>
<!-- Generated by org.testng.reporters.JUnitReportReporter -->
<testsuite skipped="2" hostname="Surajs-MacBook-Pro.local" name="seleniumPractice.DropDownHandle" tests="3" failures="0" timestamp="2020-05-29T22:17:34 NPT" time="13.032" errors="0">
  <testcase name="handleDropDownPartIII" time="13.032" classname="seleniumPractice.DropDownHandle"/>
  <system-out/>
  <testcase name="selectByIndex" classname="seleniumPractice.DropDownHandle">
    <skipped/>
  </testcase> <!-- selectByIndex -->
  <system-out/>
  <testcase name="dropDown" classname="seleniumPractice.DropDownHandle">
    <skipped/>
  </testcase> <!-- dropDown -->
  <system-out/>
</testsuite> <!-- seleniumPractice.DropDownHandle -->
