<?xml version="1.0" encoding="UTF-8"?>
<!-- Generated by org.testng.reporters.JUnitReportReporter -->
<testsuite skipped="0" hostname="Surajs-MacBook-Pro.local" name="testNG.TestNGFeature" tests="4" failures="0" timestamp="2020-05-24T22:47:22 NPT" time="0.005" errors="0">
  <testcase name="homePageTest" time="0.001" classname="testNG.TestNGFeature"/>
  <system-out/>
  <testcase name="regPageTest" time="0.000" classname="testNG.TestNGFeature"/>
  <system-out/>
  <testcase name="loginTest" time="0.004" classname="testNG.TestNGFeature"/>
  <system-out/>
  <testcase name="searchPageTest" time="0.000" classname="testNG.TestNGFeature"/>
  <system-out/>
</testsuite> <!-- testNG.TestNGFeature -->
