<?xml version="1.0" encoding="UTF-8"?>
<!-- Generated by org.testng.reporters.JUnitReportReporter -->
<testsuite skipped="0" hostname="Surajs-MacBook-Pro.local" name="database.ConnectMySql" tests="1" failures="0" timestamp="2020-06-29T19:58:17 NPT" time="0.223" errors="0">
  <testcase name="testDB" time="0.223" classname="database.ConnectMySql"/>
  <system-out/>
</testsuite> <!-- database.ConnectMySql -->
