<?xml version="1.0" encoding="UTF-8"?>
<!-- Generated by org.testng.reporters.JUnitReportReporter -->
<testsuite skipped="0" hostname="Surajs-MacBook-Pro.local" name="seleniumPractice.HighLightElement" tests="1" failures="0" timestamp="2020-07-21T20:02:35 NPT" time="9.265" errors="0">
  <testcase name="highlightElementTest" time="9.265" classname="seleniumPractice.HighLightElement"/>
  <system-out/>
</testsuite> <!-- seleniumPractice.HighLightElement -->
