<?xml version="1.0" encoding="UTF-8"?>
<!-- Generated by org.testng.reporters.JUnitReportReporter -->
<testsuite skipped="0" hostname="Surajs-MacBook-Pro.local" name="testNG.TestNGBasics" tests="5" failures="0" timestamp="2020-05-24T22:47:37 NPT" time="0.007" errors="0">
  <testcase name="Test1" time="0.001" classname="testNG.TestNGBasics"/>
  <system-out/>
  <testcase name="Test2" time="0.001" classname="testNG.TestNGBasics"/>
  <system-out/>
  <testcase name="Test3" time="0.002" classname="testNG.TestNGBasics"/>
  <system-out/>
  <testcase name="Test5" time="0.002" classname="testNG.TestNGBasics"/>
  <system-out/>
  <testcase name="Test4" time="0.001" classname="testNG.TestNGBasics"/>
  <system-out/>
</testsuite> <!-- testNG.TestNGBasics -->
