<?xml version="1.0" encoding="UTF-8"?>
<!-- Generated by org.testng.reporters.JUnitReportReporter -->
<testsuite skipped="0" hostname="Surajs-MacBook-Pro.local" name="testNG.GoogleTitleTest" tests="1" failures="0" timestamp="2020-05-24T22:47:32 NPT" time="2.693" errors="0">
  <testcase name="verifyTitleTest" time="2.693" classname="testNG.GoogleTitleTest"/>
  <system-out/>
</testsuite> <!-- testNG.GoogleTitleTest -->
