<?xml version="1.0" encoding="UTF-8"?>
<!-- Generated by org.testng.reporters.JUnitReportReporter -->
<testsuite skipped="0" hostname="Surajs-MacBook-Pro.local" name="com.datadriventest.HalfEbayTest_BestOne" tests="6" failures="0" timestamp="2020-05-25T21:18:23 NPT" time="0.010" errors="0">
  <testcase name="testInterConversion" time="0.005" classname="com.datadriventest.HalfEbayTest_BestOne"/>
  <system-out/>
  <testcase name="testInterConversion" time="0.001" classname="com.datadriventest.HalfEbayTest_BestOne"/>
  <system-out/>
  <testcase name="testInterConversion" time="0.001" classname="com.datadriventest.HalfEbayTest_BestOne"/>
  <system-out/>
  <testcase name="testInterConversion" time="0.001" classname="com.datadriventest.HalfEbayTest_BestOne"/>
  <system-out/>
  <testcase name="testInterConversion" time="0.001" classname="com.datadriventest.HalfEbayTest_BestOne"/>
  <system-out/>
  <testcase name="testInterConversion" time="0.001" classname="com.datadriventest.HalfEbayTest_BestOne"/>
  <system-out/>
</testsuite> <!-- com.datadriventest.HalfEbayTest_BestOne -->
