<?xml version="1.0" encoding="UTF-8"?>
<!-- Generated by org.testng.reporters.JUnitReportReporter -->
<testsuite skipped="0" hostname="Surajs-MacBook-Pro.local" name="testNG.InvocationCountTest" tests="10" failures="0" timestamp="2020-05-24T22:47:27 NPT" time="0.008" errors="0">
  <testcase name="sum" time="0.001" classname="testNG.InvocationCountTest"/>
  <system-out/>
  <testcase name="sum" time="0.000" classname="testNG.InvocationCountTest"/>
  <system-out/>
  <testcase name="sum" time="0.001" classname="testNG.InvocationCountTest"/>
  <system-out/>
  <testcase name="sum" time="0.001" classname="testNG.InvocationCountTest"/>
  <system-out/>
  <testcase name="sum" time="0.001" classname="testNG.InvocationCountTest"/>
  <system-out/>
  <testcase name="sum" time="0.001" classname="testNG.InvocationCountTest"/>
  <system-out/>
  <testcase name="sum" time="0.001" classname="testNG.InvocationCountTest"/>
  <system-out/>
  <testcase name="sum" time="0.000" classname="testNG.InvocationCountTest"/>
  <system-out/>
  <testcase name="sum" time="0.001" classname="testNG.InvocationCountTest"/>
  <system-out/>
  <testcase name="sum" time="0.001" classname="testNG.InvocationCountTest"/>
  <system-out/>
</testsuite> <!-- testNG.InvocationCountTest -->
